# JRE version: 7.0_09-b05
# Java VM: Java HotSpot(TM) 64-Bit Server VM (23.5-b02 mixed mode linux-amd64 compressed oops)
Heap
 PSYoungGen      total 66432K, used 29318K [0x00000000ebb60000, 0x00000000f4220000, 0x0000000100000000)
  eden space 61504K, 39% used [0x00000000ebb60000,0x00000000ed339538,0x00000000ef770000)
  from space 4928K, 99% used [0x00000000ef770000,0x00000000efc383a0,0x00000000efc40000)
  to   space 7488K, 0% used [0x00000000f3ad0000,0x00000000f3ad0000,0x00000000f4220000)
 ParOldGen       total 41536K, used 7227K [0x00000000c3200000, 0x00000000c5a90000, 0x00000000ebb60000)
  object space 41536K, 17% used [0x00000000c3200000,0x00000000c390ef58,0x00000000c5a90000)
 PSPermGen       total 23168K, used 23066K [0x00000000be000000, 0x00000000bf6a0000, 0x00000000c3200000)
  object space 23168K, 99% used [0x00000000be000000,0x00000000bf686ae0,0x00000000bf6a0000)
GC Heap History (10 events):
Event: 1.965 GC heap before
{Heap before GC invocations=3 (full 0):
 PSYoungGen      total 18176K, used 18173K [0x00000000ebb60000, 0x00000000edee0000, 0x0000000100000000)
  eden space 15616K, 100% used [0x00000000ebb60000,0x00000000ecaa0000,0x00000000ecaa0000)
  from space 2560K, 99% used [0x00000000ecd20000,0x00000000ecf9f708,0x00000000ecfa0000)
  to   space 2560K, 0% used [0x00000000ecaa0000,0x00000000ecaa0000,0x00000000ecd20000)
 ParOldGen       total 41536K, used 77K [0x00000000c3200000, 0x00000000c5a90000, 0x00000000ebb60000)
  object space 41536K, 0% used [0x00000000c3200000,0x00000000c3213618,0x00000000c5a90000)
 PSPermGen       total 21248K, used 12752K [0x00000000be000000, 0x00000000bf4c0000, 0x00000000c3200000)
  object space 21248K, 60% used [0x00000000be000000,0x00000000bec741b8,0x00000000bf4c0000)
Event: 1.975 GC heap after
Heap after GC invocations=3 (full 0):
 PSYoungGen      total 18176K, used 2558K [0x00000000ebb60000, 0x00000000edee0000, 0x0000000100000000)
  eden space 15616K, 0% used [0x00000000ebb60000,0x00000000ebb60000,0x00000000ecaa0000)
  from space 2560K, 99% used [0x00000000ecaa0000,0x00000000ecd1fb58,0x00000000ecd20000)
  to   space 2560K, 0% used [0x00000000edc60000,0x00000000edc60000,0x00000000edee0000)
 ParOldGen       total 41536K, used 757K [0x00000000c3200000, 0x00000000c5a90000, 0x00000000ebb60000)
  object space 41536K, 1% used [0x00000000c3200000,0x00000000c32bd580,0x00000000c5a90000)
 PSPermGen       total 21248K, used 12752K [0x00000000be000000, 0x00000000bf4c0000, 0x00000000c3200000)
  object space 21248K, 60% used [0x00000000be000000,0x00000000bec741b8,0x00000000bf4c0000)
}
Event: 2.694 GC heap before
{Heap before GC invocations=4 (full 0):
 PSYoungGen      total 18176K, used 18174K [0x00000000ebb60000, 0x00000000edee0000, 0x0000000100000000)
  eden space 15616K, 100% used [0x00000000ebb60000,0x00000000ecaa0000,0x00000000ecaa0000)
  from space 2560K, 99% used [0x00000000ecaa0000,0x00000000ecd1fb58,0x00000000ecd20000)
  to   space 2560K, 0% used [0x00000000edc60000,0x00000000edc60000,0x00000000edee0000)
 ParOldGen       total 41536K, used 757K [0x00000000c3200000, 0x00000000c5a90000, 0x00000000ebb60000)
  object space 41536K, 1% used [0x00000000c3200000,0x00000000c32bd580,0x00000000c5a90000)
 PSPermGen       total 21248K, used 13004K [0x00000000be000000, 0x00000000bf4c0000, 0x00000000c3200000)
  object space 21248K, 61% used [0x00000000be000000,0x00000000becb3370,0x00000000bf4c0000)
Event: 2.721 GC heap after
Heap after GC invocations=4 (full 0):
 PSYoungGen      total 33792K, used 2550K [0x00000000ebb60000, 0x00000000edee0000, 0x0000000100000000)
  eden space 31232K, 0% used [0x00000000ebb60000,0x00000000ebb60000,0x00000000ed9e0000)
  from space 2560K, 99% used [0x00000000edc60000,0x00000000ededd868,0x00000000edee0000)
  to   space 2560K, 0% used [0x00000000ed9e0000,0x00000000ed9e0000,0x00000000edc60000)
 ParOldGen       total 41536K, used 1152K [0x00000000c3200000, 0x00000000c5a90000, 0x00000000ebb60000)
  object space 41536K, 2% used [0x00000000c3200000,0x00000000c3320170,0x00000000c5a90000)
 PSPermGen       total 21248K, used 13004K [0x00000000be000000, 0x00000000bf4c0000, 0x00000000c3200000)
  object space 21248K, 61% used [0x00000000be000000,0x00000000becb3370,0x00000000bf4c0000)
}
Event: 3.397 GC heap before
{Heap before GC invocations=5 (full 0):
 PSYoungGen      total 33792K, used 33782K [0x00000000ebb60000, 0x00000000edee0000, 0x0000000100000000)
  eden space 31232K, 100% used [0x00000000ebb60000,0x00000000ed9e0000,0x00000000ed9e0000)
  from space 2560K, 99% used [0x00000000edc60000,0x00000000ededd868,0x00000000edee0000)
  to   space 2560K, 0% used [0x00000000ed9e0000,0x00000000ed9e0000,0x00000000edc60000)
 ParOldGen       total 41536K, used 1152K [0x00000000c3200000, 0x00000000c5a90000, 0x00000000ebb60000)
  object space 41536K, 2% used [0x00000000c3200000,0x00000000c3320170,0x00000000c5a90000)
 PSPermGen       total 21248K, used 13209K [0x00000000be000000, 0x00000000bf4c0000, 0x00000000c3200000)
  object space 21248K, 62% used [0x00000000be000000,0x00000000bece64c8,0x00000000bf4c0000)
Event: 3.413 GC heap after
Heap after GC invocations=5 (full 0):
 PSYoungGen      total 33792K, used 2534K [0x00000000ebb60000, 0x00000000f0020000, 0x0000000100000000)
  eden space 31232K, 0% used [0x00000000ebb60000,0x00000000ebb60000,0x00000000ed9e0000)
  from space 2560K, 98% used [0x00000000ed9e0000,0x00000000edc59858,0x00000000edc60000)
  to   space 3968K, 0% used [0x00000000efc40000,0x00000000efc40000,0x00000000f0020000)
 ParOldGen       total 41536K, used 2344K [0x00000000c3200000, 0x00000000c5a90000, 0x00000000ebb60000)
  object space 41536K, 5% used [0x00000000c3200000,0x00000000c344a2a8,0x00000000c5a90000)
 PSPermGen       total 21248K, used 13209K [0x00000000be000000, 0x00000000bf4c0000, 0x00000000c3200000)
  object space 21248K, 62% used [0x00000000be000000,0x00000000bece64c8,0x00000000bf4c0000)
}
Event: 4.513 GC heap before
{Heap before GC invocations=6 (full 0):
 PSYoungGen      total 33792K, used 33766K [0x00000000ebb60000, 0x00000000f0020000, 0x0000000100000000)
  eden space 31232K, 100% used [0x00000000ebb60000,0x00000000ed9e0000,0x00000000ed9e0000)
  from space 2560K, 98% used [0x00000000ed9e0000,0x00000000edc59858,0x00000000edc60000)
  to   space 3968K, 0% used [0x00000000efc40000,0x00000000efc40000,0x00000000f0020000)
 ParOldGen       total 41536K, used 2344K [0x00000000c3200000, 0x00000000c5a90000, 0x00000000ebb60000)
  object space 41536K, 5% used [0x00000000c3200000,0x00000000c344a2a8,0x00000000c5a90000)
 PSPermGen       total 21248K, used 15070K [0x00000000be000000, 0x00000000bf4c0000, 0x00000000c3200000)
  object space 21248K, 70% used [0x00000000be000000,0x00000000beeb7ad8,0x00000000bf4c0000)
Event: 4.529 GC heap after
Heap after GC invocations=6 (full 0):
 PSYoungGen      total 65472K, used 3936K [0x00000000ebb60000, 0x00000000f0200000, 0x0000000100000000)
  eden space 61504K, 0% used [0x00000000ebb60000,0x00000000ebb60000,0x00000000ef770000)
  from space 3968K, 99% used [0x00000000efc40000,0x00000000f00180b8,0x00000000f0020000)
  to   space 4928K, 0% used [0x00000000ef770000,0x00000000ef770000,0x00000000efc40000)
 ParOldGen       total 41536K, used 3323K [0x00000000c3200000, 0x00000000c5a90000, 0x00000000ebb60000)
  object space 41536K, 8% used [0x00000000c3200000,0x00000000c353ed48,0x00000000c5a90000)
 PSPermGen       total 21248K, used 15070K [0x00000000be000000, 0x00000000bf4c0000, 0x00000000c3200000)
  object space 21248K, 70% used [0x00000000be000000,0x00000000beeb7ad8,0x00000000bf4c0000)
}
Event: 8.589 GC heap before
{Heap before GC invocations=7 (full 0):
 PSYoungGen      total 65472K, used 65440K [0x00000000ebb60000, 0x00000000f0200000, 0x0000000100000000)
  eden space 61504K, 100% used [0x00000000ebb60000,0x00000000ef770000,0x00000000ef770000)
  from space 3968K, 99% used [0x00000000efc40000,0x00000000f00180b8,0x00000000f0020000)
  to   space 4928K, 0% used [0x00000000ef770000,0x00000000ef770000,0x00000000efc40000)
 ParOldGen       total 41536K, used 3323K [0x00000000c3200000, 0x00000000c5a90000, 0x00000000ebb60000)
  object space 41536K, 8% used [0x00000000c3200000,0x00000000c353ed48,0x00000000c5a90000)
 PSPermGen       total 21248K, used 20127K [0x00000000be000000, 0x00000000bf4c0000, 0x00000000c3200000)
  object space 21248K, 94% used [0x00000000be000000,0x00000000bf3a7fc8,0x00000000bf4c0000)
Event: 8.616 GC heap after
Heap after GC invocations=7 (full 0):
 PSYoungGen      total 66432K, used 4896K [0x00000000ebb60000, 0x00000000f4220000, 0x0000000100000000)
  eden space 61504K, 0% used [0x00000000ebb60000,0x00000000ebb60000,0x00000000ef770000)
  from space 4928K, 99% used [0x00000000ef770000,0x00000000efc383a0,0x00000000efc40000)
  to   space 7488K, 0% used [0x00000000f3ad0000,0x00000000f3ad0000,0x00000000f4220000)
 ParOldGen       total 41536K, used 7227K [0x00000000c3200000, 0x00000000c5a90000, 0x00000000ebb60000)
  object space 41536K, 17% used [0x00000000c3200000,0x00000000c390ef58,0x00000000c5a90000)
 PSPermGen       total 21248K, used 20127K [0x00000000be000000, 0x00000000bf4c0000, 0x00000000c3200000)
  object space 21248K, 94% used [0x00000000be000000,0x00000000bf3a7fc8,0x00000000bf4c0000)
}

