# JRE version: 7.0_09-b05
# Java VM: Java HotSpot(TM) 64-Bit Server VM (23.5-b02 mixed mode linux-amd64 compressed oops)
Heap
 PSYoungGen      total 66432K, used 15627K [0x00000000ebb60000, 0x00000000f4220000, 0x0000000100000000)
  eden space 61632K, 17% used [0x00000000ebb60000,0x00000000ec5fa6e0,0x00000000ef790000)
  from space 4800K, 99% used [0x00000000ef790000,0x00000000efc386d0,0x00000000efc40000)
  to   space 7360K, 0% used [0x00000000f3af0000,0x00000000f3af0000,0x00000000f4220000)
 ParOldGen       total 41536K, used 6997K [0x00000000c3200000, 0x00000000c5a90000, 0x00000000ebb60000)
  object space 41536K, 16% used [0x00000000c3200000,0x00000000c38d5680,0x00000000c5a90000)
 PSPermGen       total 21440K, used 21432K [0x00000000be000000, 0x00000000bf4f0000, 0x00000000c3200000)
  object space 21440K, 99% used [0x00000000be000000,0x00000000bf4ee3f0,0x00000000bf4f0000)
GC Heap History (10 events):
Event: 2.066 GC heap before
{Heap before GC invocations=3 (full 0):
 PSYoungGen      total 18176K, used 18173K [0x00000000ebb60000, 0x00000000edee0000, 0x0000000100000000)
  eden space 15616K, 100% used [0x00000000ebb60000,0x00000000ecaa0000,0x00000000ecaa0000)
  from space 2560K, 99% used [0x00000000ecd20000,0x00000000ecf9f708,0x00000000ecfa0000)
  to   space 2560K, 0% used [0x00000000ecaa0000,0x00000000ecaa0000,0x00000000ecd20000)
 ParOldGen       total 41536K, used 49K [0x00000000c3200000, 0x00000000c5a90000, 0x00000000ebb60000)
  object space 41536K, 0% used [0x00000000c3200000,0x00000000c320c640,0x00000000c5a90000)
 PSPermGen       total 21248K, used 12752K [0x00000000be000000, 0x00000000bf4c0000, 0x00000000c3200000)
  object space 21248K, 60% used [0x00000000be000000,0x00000000bec741b8,0x00000000bf4c0000)
Event: 2.079 GC heap after
Heap after GC invocations=3 (full 0):
 PSYoungGen      total 18176K, used 2558K [0x00000000ebb60000, 0x00000000edee0000, 0x0000000100000000)
  eden space 15616K, 0% used [0x00000000ebb60000,0x00000000ebb60000,0x00000000ecaa0000)
  from space 2560K, 99% used [0x00000000ecaa0000,0x00000000ecd1fb58,0x00000000ecd20000)
  to   space 2560K, 0% used [0x00000000edc60000,0x00000000edc60000,0x00000000edee0000)
 ParOldGen       total 41536K, used 704K [0x00000000c3200000, 0x00000000c5a90000, 0x00000000ebb60000)
  object space 41536K, 1% used [0x00000000c3200000,0x00000000c32b02e8,0x00000000c5a90000)
 PSPermGen       total 21248K, used 12752K [0x00000000be000000, 0x00000000bf4c0000, 0x00000000c3200000)
  object space 21248K, 60% used [0x00000000be000000,0x00000000bec741b8,0x00000000bf4c0000)
}
Event: 2.757 GC heap before
{Heap before GC invocations=4 (full 0):
 PSYoungGen      total 18176K, used 18174K [0x00000000ebb60000, 0x00000000edee0000, 0x0000000100000000)
  eden space 15616K, 100% used [0x00000000ebb60000,0x00000000ecaa0000,0x00000000ecaa0000)
  from space 2560K, 99% used [0x00000000ecaa0000,0x00000000ecd1fb58,0x00000000ecd20000)
  to   space 2560K, 0% used [0x00000000edc60000,0x00000000edc60000,0x00000000edee0000)
 ParOldGen       total 41536K, used 704K [0x00000000c3200000, 0x00000000c5a90000, 0x00000000ebb60000)
  object space 41536K, 1% used [0x00000000c3200000,0x00000000c32b02e8,0x00000000c5a90000)
 PSPermGen       total 21248K, used 13005K [0x00000000be000000, 0x00000000bf4c0000, 0x00000000c3200000)
  object space 21248K, 61% used [0x00000000be000000,0x00000000becb3448,0x00000000bf4c0000)
Event: 2.774 GC heap after
Heap after GC invocations=4 (full 0):
 PSYoungGen      total 33792K, used 2550K [0x00000000ebb60000, 0x00000000edee0000, 0x0000000100000000)
  eden space 31232K, 0% used [0x00000000ebb60000,0x00000000ebb60000,0x00000000ed9e0000)
  from space 2560K, 99% used [0x00000000edc60000,0x00000000ededd868,0x00000000edee0000)
  to   space 2560K, 0% used [0x00000000ed9e0000,0x00000000ed9e0000,0x00000000edc60000)
 ParOldGen       total 41536K, used 1099K [0x00000000c3200000, 0x00000000c5a90000, 0x00000000ebb60000)
  object space 41536K, 2% used [0x00000000c3200000,0x00000000c3312ed8,0x00000000c5a90000)
 PSPermGen       total 21248K, used 13005K [0x00000000be000000, 0x00000000bf4c0000, 0x00000000c3200000)
  object space 21248K, 61% used [0x00000000be000000,0x00000000becb3448,0x00000000bf4c0000)
}
Event: 3.595 GC heap before
{Heap before GC invocations=5 (full 0):
 PSYoungGen      total 33792K, used 33782K [0x00000000ebb60000, 0x00000000edee0000, 0x0000000100000000)
  eden space 31232K, 100% used [0x00000000ebb60000,0x00000000ed9e0000,0x00000000ed9e0000)
  from space 2560K, 99% used [0x00000000edc60000,0x00000000ededd868,0x00000000edee0000)
  to   space 2560K, 0% used [0x00000000ed9e0000,0x00000000ed9e0000,0x00000000edc60000)
 ParOldGen       total 41536K, used 1099K [0x00000000c3200000, 0x00000000c5a90000, 0x00000000ebb60000)
  object space 41536K, 2% used [0x00000000c3200000,0x00000000c3312ed8,0x00000000c5a90000)
 PSPermGen       total 21248K, used 13209K [0x00000000be000000, 0x00000000bf4c0000, 0x00000000c3200000)
  object space 21248K, 62% used [0x00000000be000000,0x00000000bece64b0,0x00000000bf4c0000)
Event: 3.619 GC heap after
Heap after GC invocations=5 (full 0):
 PSYoungGen      total 33792K, used 2534K [0x00000000ebb60000, 0x00000000f0020000, 0x0000000100000000)
  eden space 31232K, 0% used [0x00000000ebb60000,0x00000000ebb60000,0x00000000ed9e0000)
  from space 2560K, 98% used [0x00000000ed9e0000,0x00000000edc59858,0x00000000edc60000)
  to   space 3968K, 0% used [0x00000000efc40000,0x00000000efc40000,0x00000000f0020000)
 ParOldGen       total 41536K, used 2283K [0x00000000c3200000, 0x00000000c5a90000, 0x00000000ebb60000)
  object space 41536K, 5% used [0x00000000c3200000,0x00000000c343aec8,0x00000000c5a90000)
 PSPermGen       total 21248K, used 13209K [0x00000000be000000, 0x00000000bf4c0000, 0x00000000c3200000)
  object space 21248K, 62% used [0x00000000be000000,0x00000000bece64b0,0x00000000bf4c0000)
}
Event: 4.607 GC heap before
{Heap before GC invocations=6 (full 0):
 PSYoungGen      total 33792K, used 33766K [0x00000000ebb60000, 0x00000000f0020000, 0x0000000100000000)
  eden space 31232K, 100% used [0x00000000ebb60000,0x00000000ed9e0000,0x00000000ed9e0000)
  from space 2560K, 98% used [0x00000000ed9e0000,0x00000000edc59858,0x00000000edc60000)
  to   space 3968K, 0% used [0x00000000efc40000,0x00000000efc40000,0x00000000f0020000)
 ParOldGen       total 41536K, used 2283K [0x00000000c3200000, 0x00000000c5a90000, 0x00000000ebb60000)
  object space 41536K, 5% used [0x00000000c3200000,0x00000000c343aec8,0x00000000c5a90000)
 PSPermGen       total 21248K, used 15062K [0x00000000be000000, 0x00000000bf4c0000, 0x00000000c3200000)
  object space 21248K, 70% used [0x00000000be000000,0x00000000beeb5a58,0x00000000bf4c0000)
Event: 4.646 GC heap after
Heap after GC invocations=6 (full 0):
 PSYoungGen      total 65600K, used 3966K [0x00000000ebb60000, 0x00000000f01c0000, 0x0000000100000000)
  eden space 61632K, 0% used [0x00000000ebb60000,0x00000000ebb60000,0x00000000ef790000)
  from space 3968K, 99% used [0x00000000efc40000,0x00000000f001fa68,0x00000000f0020000)
  to   space 4800K, 0% used [0x00000000ef790000,0x00000000ef790000,0x00000000efc40000)
 ParOldGen       total 41536K, used 3081K [0x00000000c3200000, 0x00000000c5a90000, 0x00000000ebb60000)
  object space 41536K, 7% used [0x00000000c3200000,0x00000000c3502600,0x00000000c5a90000)
 PSPermGen       total 21248K, used 15062K [0x00000000be000000, 0x00000000bf4c0000, 0x00000000c3200000)
  object space 21248K, 70% used [0x00000000be000000,0x00000000beeb5a58,0x00000000bf4c0000)
}
Event: 8.788 GC heap before
{Heap before GC invocations=7 (full 0):
 PSYoungGen      total 65600K, used 65598K [0x00000000ebb60000, 0x00000000f01c0000, 0x0000000100000000)
  eden space 61632K, 100% used [0x00000000ebb60000,0x00000000ef790000,0x00000000ef790000)
  from space 3968K, 99% used [0x00000000efc40000,0x00000000f001fa68,0x00000000f0020000)
  to   space 4800K, 0% used [0x00000000ef790000,0x00000000ef790000,0x00000000efc40000)
 ParOldGen       total 41536K, used 3081K [0x00000000c3200000, 0x00000000c5a90000, 0x00000000ebb60000)
  object space 41536K, 7% used [0x00000000c3200000,0x00000000c3502600,0x00000000c5a90000)
 PSPermGen       total 21248K, used 20235K [0x00000000be000000, 0x00000000bf4c0000, 0x00000000c3200000)
  object space 21248K, 95% used [0x00000000be000000,0x00000000bf3c2c68,0x00000000bf4c0000)
Event: 8.813 GC heap after
Heap after GC invocations=7 (full 0):
 PSYoungGen      total 66432K, used 4769K [0x00000000ebb60000, 0x00000000f4220000, 0x0000000100000000)
  eden space 61632K, 0% used [0x00000000ebb60000,0x00000000ebb60000,0x00000000ef790000)
  from space 4800K, 99% used [0x00000000ef790000,0x00000000efc386d0,0x00000000efc40000)
  to   space 7360K, 0% used [0x00000000f3af0000,0x00000000f3af0000,0x00000000f4220000)
 ParOldGen       total 41536K, used 6997K [0x00000000c3200000, 0x00000000c5a90000, 0x00000000ebb60000)
  object space 41536K, 16% used [0x00000000c3200000,0x00000000c38d5680,0x00000000c5a90000)
 PSPermGen       total 21248K, used 20235K [0x00000000be000000, 0x00000000bf4c0000, 0x00000000c3200000)
  object space 21248K, 95% used [0x00000000be000000,0x00000000bf3c2c68,0x00000000bf4c0000)
}

