# JRE version: 7.0_09-b05
# Java VM: Java HotSpot(TM) 64-Bit Server VM (23.5-b02 mixed mode linux-amd64 compressed oops)
Heap
 PSYoungGen      total 66432K, used 27291K [0x00000000ebb60000, 0x00000000f4280000, 0x0000000100000000)
  eden space 61248K, 36% used [0x00000000ebb60000,0x00000000ed0fab48,0x00000000ef730000)
  from space 5184K, 99% used [0x00000000ef730000,0x00000000efc3c200,0x00000000efc40000)
  to   space 7936K, 0% used [0x00000000f3ac0000,0x00000000f3ac0000,0x00000000f4280000)
 ParOldGen       total 41536K, used 8006K [0x00000000c3200000, 0x00000000c5a90000, 0x00000000ebb60000)
  object space 41536K, 19% used [0x00000000c3200000,0x00000000c39d1b20,0x00000000c5a90000)
 PSPermGen       total 23168K, used 23042K [0x00000000be000000, 0x00000000bf6a0000, 0x00000000c3200000)
  object space 23168K, 99% used [0x00000000be000000,0x00000000bf680aa8,0x00000000bf6a0000)
GC Heap History (10 events):
Event: 1.906 GC heap before
{Heap before GC invocations=3 (full 0):
 PSYoungGen      total 18176K, used 18173K [0x00000000ebb60000, 0x00000000edee0000, 0x0000000100000000)
  eden space 15616K, 100% used [0x00000000ebb60000,0x00000000ecaa0000,0x00000000ecaa0000)
  from space 2560K, 99% used [0x00000000ecd20000,0x00000000ecf9f708,0x00000000ecfa0000)
  to   space 2560K, 0% used [0x00000000ecaa0000,0x00000000ecaa0000,0x00000000ecd20000)
 ParOldGen       total 41536K, used 71K [0x00000000c3200000, 0x00000000c5a90000, 0x00000000ebb60000)
  object space 41536K, 0% used [0x00000000c3200000,0x00000000c3211d98,0x00000000c5a90000)
 PSPermGen       total 21248K, used 12752K [0x00000000be000000, 0x00000000bf4c0000, 0x00000000c3200000)
  object space 21248K, 60% used [0x00000000be000000,0x00000000bec741b8,0x00000000bf4c0000)
Event: 1.915 GC heap after
Heap after GC invocations=3 (full 0):
 PSYoungGen      total 18176K, used 2528K [0x00000000ebb60000, 0x00000000edee0000, 0x0000000100000000)
  eden space 15616K, 0% used [0x00000000ebb60000,0x00000000ebb60000,0x00000000ecaa0000)
  from space 2560K, 98% used [0x00000000ecaa0000,0x00000000ecd18180,0x00000000ecd20000)
  to   space 2560K, 0% used [0x00000000edc60000,0x00000000edc60000,0x00000000edee0000)
 ParOldGen       total 41536K, used 750K [0x00000000c3200000, 0x00000000c5a90000, 0x00000000ebb60000)
  object space 41536K, 1% used [0x00000000c3200000,0x00000000c32bbbc8,0x00000000c5a90000)
 PSPermGen       total 21248K, used 12752K [0x00000000be000000, 0x00000000bf4c0000, 0x00000000c3200000)
  object space 21248K, 60% used [0x00000000be000000,0x00000000bec741b8,0x00000000bf4c0000)
}
Event: 2.672 GC heap before
{Heap before GC invocations=4 (full 0):
 PSYoungGen      total 18176K, used 18144K [0x00000000ebb60000, 0x00000000edee0000, 0x0000000100000000)
  eden space 15616K, 100% used [0x00000000ebb60000,0x00000000ecaa0000,0x00000000ecaa0000)
  from space 2560K, 98% used [0x00000000ecaa0000,0x00000000ecd18180,0x00000000ecd20000)
  to   space 2560K, 0% used [0x00000000edc60000,0x00000000edc60000,0x00000000edee0000)
 ParOldGen       total 41536K, used 750K [0x00000000c3200000, 0x00000000c5a90000, 0x00000000ebb60000)
  object space 41536K, 1% used [0x00000000c3200000,0x00000000c32bbbc8,0x00000000c5a90000)
 PSPermGen       total 21248K, used 13004K [0x00000000be000000, 0x00000000bf4c0000, 0x00000000c3200000)
  object space 21248K, 61% used [0x00000000be000000,0x00000000becb31a8,0x00000000bf4c0000)
Event: 2.684 GC heap after
Heap after GC invocations=4 (full 0):
 PSYoungGen      total 33792K, used 2550K [0x00000000ebb60000, 0x00000000edee0000, 0x0000000100000000)
  eden space 31232K, 0% used [0x00000000ebb60000,0x00000000ebb60000,0x00000000ed9e0000)
  from space 2560K, 99% used [0x00000000edc60000,0x00000000ededd868,0x00000000edee0000)
  to   space 2560K, 0% used [0x00000000ed9e0000,0x00000000ed9e0000,0x00000000edc60000)
 ParOldGen       total 41536K, used 1162K [0x00000000c3200000, 0x00000000c5a90000, 0x00000000ebb60000)
  object space 41536K, 2% used [0x00000000c3200000,0x00000000c3322a78,0x00000000c5a90000)
 PSPermGen       total 21248K, used 13004K [0x00000000be000000, 0x00000000bf4c0000, 0x00000000c3200000)
  object space 21248K, 61% used [0x00000000be000000,0x00000000becb31a8,0x00000000bf4c0000)
}
Event: 3.634 GC heap before
{Heap before GC invocations=5 (full 0):
 PSYoungGen      total 33792K, used 33782K [0x00000000ebb60000, 0x00000000edee0000, 0x0000000100000000)
  eden space 31232K, 100% used [0x00000000ebb60000,0x00000000ed9e0000,0x00000000ed9e0000)
  from space 2560K, 99% used [0x00000000edc60000,0x00000000ededd868,0x00000000edee0000)
  to   space 2560K, 0% used [0x00000000ed9e0000,0x00000000ed9e0000,0x00000000edc60000)
 ParOldGen       total 41536K, used 1162K [0x00000000c3200000, 0x00000000c5a90000, 0x00000000ebb60000)
  object space 41536K, 2% used [0x00000000c3200000,0x00000000c3322a78,0x00000000c5a90000)
 PSPermGen       total 21248K, used 13208K [0x00000000be000000, 0x00000000bf4c0000, 0x00000000c3200000)
  object space 21248K, 62% used [0x00000000be000000,0x00000000bece6298,0x00000000bf4c0000)
Event: 3.661 GC heap after
Heap after GC invocations=5 (full 0):
 PSYoungGen      total 33792K, used 2534K [0x00000000ebb60000, 0x00000000f0020000, 0x0000000100000000)
  eden space 31232K, 0% used [0x00000000ebb60000,0x00000000ebb60000,0x00000000ed9e0000)
  from space 2560K, 98% used [0x00000000ed9e0000,0x00000000edc59858,0x00000000edc60000)
  to   space 3968K, 0% used [0x00000000efc40000,0x00000000efc40000,0x00000000f0020000)
 ParOldGen       total 41536K, used 2374K [0x00000000c3200000, 0x00000000c5a90000, 0x00000000ebb60000)
  object space 41536K, 5% used [0x00000000c3200000,0x00000000c3451988,0x00000000c5a90000)
 PSPermGen       total 21248K, used 13208K [0x00000000be000000, 0x00000000bf4c0000, 0x00000000c3200000)
  object space 21248K, 62% used [0x00000000be000000,0x00000000bece6298,0x00000000bf4c0000)
}
Event: 4.692 GC heap before
{Heap before GC invocations=6 (full 0):
 PSYoungGen      total 33792K, used 33766K [0x00000000ebb60000, 0x00000000f0020000, 0x0000000100000000)
  eden space 31232K, 100% used [0x00000000ebb60000,0x00000000ed9e0000,0x00000000ed9e0000)
  from space 2560K, 98% used [0x00000000ed9e0000,0x00000000edc59858,0x00000000edc60000)
  to   space 3968K, 0% used [0x00000000efc40000,0x00000000efc40000,0x00000000f0020000)
 ParOldGen       total 41536K, used 2374K [0x00000000c3200000, 0x00000000c5a90000, 0x00000000ebb60000)
  object space 41536K, 5% used [0x00000000c3200000,0x00000000c3451988,0x00000000c5a90000)
 PSPermGen       total 21248K, used 15069K [0x00000000be000000, 0x00000000bf4c0000, 0x00000000c3200000)
  object space 21248K, 70% used [0x00000000be000000,0x00000000beeb7710,0x00000000bf4c0000)
Event: 4.727 GC heap after
Heap after GC invocations=6 (full 0):
 PSYoungGen      total 65216K, used 3942K [0x00000000ebb60000, 0x00000000f0280000, 0x0000000100000000)
  eden space 61248K, 0% used [0x00000000ebb60000,0x00000000ebb60000,0x00000000ef730000)
  from space 3968K, 99% used [0x00000000efc40000,0x00000000f0019858,0x00000000f0020000)
  to   space 5184K, 0% used [0x00000000ef730000,0x00000000ef730000,0x00000000efc40000)
 ParOldGen       total 41536K, used 3772K [0x00000000c3200000, 0x00000000c5a90000, 0x00000000ebb60000)
  object space 41536K, 9% used [0x00000000c3200000,0x00000000c35af090,0x00000000c5a90000)
 PSPermGen       total 21248K, used 15069K [0x00000000be000000, 0x00000000bf4c0000, 0x00000000c3200000)
  object space 21248K, 70% used [0x00000000be000000,0x00000000beeb7710,0x00000000bf4c0000)
}
Event: 6.702 GC heap before
{Heap before GC invocations=7 (full 0):
 PSYoungGen      total 65216K, used 65190K [0x00000000ebb60000, 0x00000000f0280000, 0x0000000100000000)
  eden space 61248K, 100% used [0x00000000ebb60000,0x00000000ef730000,0x00000000ef730000)
  from space 3968K, 99% used [0x00000000efc40000,0x00000000f0019858,0x00000000f0020000)
  to   space 5184K, 0% used [0x00000000ef730000,0x00000000ef730000,0x00000000efc40000)
 ParOldGen       total 41536K, used 3772K [0x00000000c3200000, 0x00000000c5a90000, 0x00000000ebb60000)
  object space 41536K, 9% used [0x00000000c3200000,0x00000000c35af090,0x00000000c5a90000)
 PSPermGen       total 21248K, used 20502K [0x00000000be000000, 0x00000000bf4c0000, 0x00000000c3200000)
  object space 21248K, 96% used [0x00000000be000000,0x00000000bf405b90,0x00000000bf4c0000)
Event: 6.733 GC heap after
Heap after GC invocations=7 (full 0):
 PSYoungGen      total 66432K, used 5168K [0x00000000ebb60000, 0x00000000f4280000, 0x0000000100000000)
  eden space 61248K, 0% used [0x00000000ebb60000,0x00000000ebb60000,0x00000000ef730000)
  from space 5184K, 99% used [0x00000000ef730000,0x00000000efc3c200,0x00000000efc40000)
  to   space 7936K, 0% used [0x00000000f3ac0000,0x00000000f3ac0000,0x00000000f4280000)
 ParOldGen       total 41536K, used 8006K [0x00000000c3200000, 0x00000000c5a90000, 0x00000000ebb60000)
  object space 41536K, 19% used [0x00000000c3200000,0x00000000c39d1b20,0x00000000c5a90000)
 PSPermGen       total 21248K, used 20502K [0x00000000be000000, 0x00000000bf4c0000, 0x00000000c3200000)
  object space 21248K, 96% used [0x00000000be000000,0x00000000bf405b90,0x00000000bf4c0000)
}

