# JRE version: 7.0_04-b20
# Java VM: Java HotSpot(TM) 64-Bit Server VM (23.0-b21 mixed mode linux-amd64 compressed oops)
Heap
 PSYoungGen      total 560320K, used 560320K [0x00000007ac800000, 0x00000007ed0a0000, 0x0000000800000000)
  eden space 545920K, 100% used [0x00000007ac800000,0x00000007cdd20000,0x00000007cdd20000)
  from space 14400K, 100% used [0x00000007eafc0000,0x00000007ebdd0000,0x00000007ebdd0000)
  to   space 19264K, 72% used [0x00000007ebdd0000,0x00000007ecb78000,0x00000007ed0a0000)
 ParOldGen       total 171008K, used 87350K [0x0000000705800000, 0x000000070ff00000, 0x00000007ac800000)
  object space 171008K, 51% used [0x0000000705800000,0x000000070ad4da90,0x000000070ff00000)
 PSPermGen       total 41280K, used 35421K [0x0000000700600000, 0x0000000702e50000, 0x0000000705800000)
  object space 41280K, 85% used [0x0000000700600000,0x00000007028975e0,0x0000000702e50000)
GC Heap History (10 events):
Event: 90.366 GC heap after
Heap after GC invocations=16 (full 1):
 PSYoungGen      total 684288K, used 13984K [0x00000007ac800000, 0x00000007efdb0000, 0x0000000800000000)
  eden space 656896K, 0% used [0x00000007ac800000,0x00000007ac800000,0x00000007d4980000)
  from space 27392K, 51% used [0x00000007d4980000,0x00000007d5728000,0x00000007d6440000)
  to   space 26240K, 0% used [0x00000007ee410000,0x00000007ee410000,0x00000007efdb0000)
 ParOldGen       total 171008K, used 45422K [0x0000000705800000, 0x000000070ff00000, 0x00000007ac800000)
  object space 171008K, 26% used [0x0000000705800000,0x000000070845ba70,0x000000070ff00000)
 PSPermGen       total 41280K, used 35378K [0x0000000700600000, 0x0000000702e50000, 0x0000000705800000)
  object space 41280K, 85% used [0x0000000700600000,0x000000070288c9e8,0x0000000702e50000)
}
Event: 131.099 GC heap before
{Heap before GC invocations=17 (full 1):
 PSYoungGen      total 684288K, used 670880K [0x00000007ac800000, 0x00000007efdb0000, 0x0000000800000000)
  eden space 656896K, 100% used [0x00000007ac800000,0x00000007d4980000,0x00000007d4980000)
  from space 27392K, 51% used [0x00000007d4980000,0x00000007d5728000,0x00000007d6440000)
  to   space 26240K, 0% used [0x00000007ee410000,0x00000007ee410000,0x00000007efdb0000)
 ParOldGen       total 171008K, used 45422K [0x0000000705800000, 0x000000070ff00000, 0x00000007ac800000)
  object space 171008K, 26% used [0x0000000705800000,0x000000070845ba70,0x000000070ff00000)
 PSPermGen       total 41280K, used 35388K [0x0000000700600000, 0x0000000702e50000, 0x0000000705800000)
  object space 41280K, 85% used [0x0000000700600000,0x000000070288f3c0,0x0000000702e50000)
Event: 131.106 GC heap after
Heap after GC invocations=17 (full 1):
 PSYoungGen      total 643136K, used 16128K [0x00000007ac800000, 0x00000007ef3d0000, 0x0000000800000000)
  eden space 627008K, 0% used [0x00000007ac800000,0x00000007ac800000,0x00000007d2c50000)
  from space 16128K, 100% used [0x00000007ee410000,0x00000007ef3d0000,0x00000007ef3d0000)
  to   space 25664K, 0% used [0x00000007ec1b0000,0x00000007ec1b0000,0x00000007edac0000)
 ParOldGen       total 171008K, used 52358K [0x0000000705800000, 0x000000070ff00000, 0x00000007ac800000)
  object space 171008K, 30% used [0x0000000705800000,0x0000000708b21a90,0x000000070ff00000)
 PSPermGen       total 41280K, used 35388K [0x0000000700600000, 0x0000000702e50000, 0x0000000705800000)
  object space 41280K, 85% used [0x0000000700600000,0x000000070288f3c0,0x0000000702e50000)
}
Event: 171.243 GC heap before
{Heap before GC invocations=18 (full 1):
 PSYoungGen      total 643136K, used 643136K [0x00000007ac800000, 0x00000007ef3d0000, 0x0000000800000000)
  eden space 627008K, 100% used [0x00000007ac800000,0x00000007d2c50000,0x00000007d2c50000)
  from space 16128K, 100% used [0x00000007ee410000,0x00000007ef3d0000,0x00000007ef3d0000)
  to   space 25664K, 0% used [0x00000007ec1b0000,0x00000007ec1b0000,0x00000007edac0000)
 ParOldGen       total 171008K, used 52358K [0x0000000705800000, 0x000000070ff00000, 0x00000007ac800000)
  object space 171008K, 30% used [0x0000000705800000,0x0000000708b21a90,0x000000070ff00000)
 PSPermGen       total 41280K, used 35391K [0x0000000700600000, 0x0000000702e50000, 0x0000000705800000)
  object space 41280K, 85% used [0x0000000700600000,0x000000070288fd58,0x0000000702e50000)
Event: 171.251 GC heap after
Heap after GC invocations=18 (full 1):
 PSYoungGen      total 613824K, used 15200K [0x00000007ac800000, 0x00000007ee420000, 0x0000000800000000)
  eden space 598592K, 0% used [0x00000007ac800000,0x00000007ac800000,0x00000007d1090000)
  from space 15232K, 99% used [0x00000007ec1b0000,0x00000007ed088000,0x00000007ed090000)
  to   space 20032K, 0% used [0x00000007ed090000,0x00000007ed090000,0x00000007ee420000)
 ParOldGen       total 171008K, used 62958K [0x0000000705800000, 0x000000070ff00000, 0x00000007ac800000)
  object space 171008K, 36% used [0x0000000705800000,0x000000070957ba90,0x000000070ff00000)
 PSPermGen       total 41280K, used 35391K [0x0000000700600000, 0x0000000702e50000, 0x0000000705800000)
  object space 41280K, 85% used [0x0000000700600000,0x000000070288fd58,0x0000000702e50000)
}
Event: 207.331 GC heap before
{Heap before GC invocations=19 (full 1):
 PSYoungGen      total 613824K, used 613792K [0x00000007ac800000, 0x00000007ee420000, 0x0000000800000000)
  eden space 598592K, 100% used [0x00000007ac800000,0x00000007d1090000,0x00000007d1090000)
  from space 15232K, 99% used [0x00000007ec1b0000,0x00000007ed088000,0x00000007ed090000)
  to   space 20032K, 0% used [0x00000007ed090000,0x00000007ed090000,0x00000007ee420000)
 ParOldGen       total 171008K, used 62958K [0x0000000705800000, 0x000000070ff00000, 0x00000007ac800000)
  object space 171008K, 36% used [0x0000000705800000,0x000000070957ba90,0x000000070ff00000)
 PSPermGen       total 41280K, used 35397K [0x0000000700600000, 0x0000000702e50000, 0x0000000705800000)
  object space 41280K, 85% used [0x0000000700600000,0x0000000702891680,0x0000000702e50000)
Event: 207.338 GC heap after
Heap after GC invocations=19 (full 1):
 PSYoungGen      total 585728K, used 14112K [0x00000007ac800000, 0x00000007ede60000, 0x0000000800000000)
  eden space 571584K, 0% used [0x00000007ac800000,0x00000007ac800000,0x00000007cf630000)
  from space 14144K, 99% used [0x00000007ed090000,0x00000007ede58000,0x00000007ede60000)
  to   space 23872K, 0% used [0x00000007eafc0000,0x00000007eafc0000,0x00000007ec710000)
 ParOldGen       total 171008K, used 71766K [0x0000000705800000, 0x000000070ff00000, 0x00000007ac800000)
  object space 171008K, 41% used [0x0000000705800000,0x0000000709e15a90,0x000000070ff00000)
 PSPermGen       total 41280K, used 35397K [0x0000000700600000, 0x0000000702e50000, 0x0000000705800000)
  object space 41280K, 85% used [0x0000000700600000,0x0000000702891680,0x0000000702e50000)
}
Event: 241.768 GC heap before
{Heap before GC invocations=20 (full 1):
 PSYoungGen      total 585728K, used 585696K [0x00000007ac800000, 0x00000007ede60000, 0x0000000800000000)
  eden space 571584K, 100% used [0x00000007ac800000,0x00000007cf630000,0x00000007cf630000)
  from space 14144K, 99% used [0x00000007ed090000,0x00000007ede58000,0x00000007ede60000)
  to   space 23872K, 0% used [0x00000007eafc0000,0x00000007eafc0000,0x00000007ec710000)
 ParOldGen       total 171008K, used 71766K [0x0000000705800000, 0x000000070ff00000, 0x00000007ac800000)
  object space 171008K, 41% used [0x0000000705800000,0x0000000709e15a90,0x000000070ff00000)
 PSPermGen       total 41280K, used 35406K [0x0000000700600000, 0x0000000702e50000, 0x0000000705800000)
  object space 41280K, 85% used [0x0000000700600000,0x0000000702893aa0,0x0000000702e50000)
Event: 241.775 GC heap after
Heap after GC invocations=20 (full 1):
 PSYoungGen      total 560320K, used 14400K [0x00000007ac800000, 0x00000007ed0a0000, 0x0000000800000000)
  eden space 545920K, 0% used [0x00000007ac800000,0x00000007ac800000,0x00000007cdd20000)
  from space 14400K, 100% used [0x00000007eafc0000,0x00000007ebdd0000,0x00000007ebdd0000)
  to   space 19264K, 0% used [0x00000007ebdd0000,0x00000007ebdd0000,0x00000007ed0a0000)
 ParOldGen       total 171008K, used 79318K [0x0000000705800000, 0x000000070ff00000, 0x00000007ac800000)
  object space 171008K, 46% used [0x0000000705800000,0x000000070a575a90,0x000000070ff00000)
 PSPermGen       total 41280K, used 35406K [0x0000000700600000, 0x0000000702e50000, 0x0000000705800000)
  object space 41280K, 85% used [0x0000000700600000,0x0000000702893aa0,0x0000000702e50000)
}
Event: 276.270 GC heap before
{Heap before GC invocations=21 (full 1):
 PSYoungGen      total 560320K, used 560320K [0x00000007ac800000, 0x00000007ed0a0000, 0x0000000800000000)
  eden space 545920K, 100% used [0x00000007ac800000,0x00000007cdd20000,0x00000007cdd20000)
  from space 14400K, 100% used [0x00000007eafc0000,0x00000007ebdd0000,0x00000007ebdd0000)
  to   space 19264K, 0% used [0x00000007ebdd0000,0x00000007ebdd0000,0x00000007ed0a0000)
 ParOldGen       total 171008K, used 79318K [0x0000000705800000, 0x000000070ff00000, 0x00000007ac800000)
  object space 171008K, 46% used [0x0000000705800000,0x000000070a575a90,0x000000070ff00000)
 PSPermGen       total 41280K, used 35421K [0x0000000700600000, 0x0000000702e50000, 0x0000000705800000)
  object space 41280K, 85% used [0x0000000700600000,0x00000007028975e0,0x0000000702e50000)

