# JRE version: 7.0_09-b05
# Java VM: Java HotSpot(TM) 64-Bit Server VM (23.5-b02 mixed mode linux-amd64 compressed oops)
Heap
 PSYoungGen      total 66432K, used 27080K [0x00000000ebb60000, 0x00000000f4240000, 0x0000000100000000)
  eden space 61568K, 36% used [0x00000000ebb60000,0x00000000ed115ad8,0x00000000ef780000)
  from space 4864K, 99% used [0x00000000ef780000,0x00000000efc3c700,0x00000000efc40000)
  to   space 7488K, 0% used [0x00000000f3af0000,0x00000000f3af0000,0x00000000f4240000)
 ParOldGen       total 41536K, used 7273K [0x00000000c3200000, 0x00000000c5a90000, 0x00000000ebb60000)
  object space 41536K, 17% used [0x00000000c3200000,0x00000000c391a500,0x00000000c5a90000)
 PSPermGen       total 23168K, used 23030K [0x00000000be000000, 0x00000000bf6a0000, 0x00000000c3200000)
  object space 23168K, 99% used [0x00000000be000000,0x00000000bf67d988,0x00000000bf6a0000)
GC Heap History (10 events):
Event: 2.321 GC heap before
{Heap before GC invocations=3 (full 0):
 PSYoungGen      total 18176K, used 18173K [0x00000000ebb60000, 0x00000000edee0000, 0x0000000100000000)
  eden space 15616K, 100% used [0x00000000ebb60000,0x00000000ecaa0000,0x00000000ecaa0000)
  from space 2560K, 99% used [0x00000000ecd20000,0x00000000ecf9f708,0x00000000ecfa0000)
  to   space 2560K, 0% used [0x00000000ecaa0000,0x00000000ecaa0000,0x00000000ecd20000)
 ParOldGen       total 41536K, used 93K [0x00000000c3200000, 0x00000000c5a90000, 0x00000000ebb60000)
  object space 41536K, 0% used [0x00000000c3200000,0x00000000c3217618,0x00000000c5a90000)
 PSPermGen       total 21248K, used 12752K [0x00000000be000000, 0x00000000bf4c0000, 0x00000000c3200000)
  object space 21248K, 60% used [0x00000000be000000,0x00000000bec741f8,0x00000000bf4c0000)
Event: 2.330 GC heap after
Heap after GC invocations=3 (full 0):
 PSYoungGen      total 18176K, used 2558K [0x00000000ebb60000, 0x00000000edee0000, 0x0000000100000000)
  eden space 15616K, 0% used [0x00000000ebb60000,0x00000000ebb60000,0x00000000ecaa0000)
  from space 2560K, 99% used [0x00000000ecaa0000,0x00000000ecd1fb58,0x00000000ecd20000)
  to   space 2560K, 0% used [0x00000000edc60000,0x00000000edc60000,0x00000000edee0000)
 ParOldGen       total 41536K, used 775K [0x00000000c3200000, 0x00000000c5a90000, 0x00000000ebb60000)
  object space 41536K, 1% used [0x00000000c3200000,0x00000000c32c1f20,0x00000000c5a90000)
 PSPermGen       total 21248K, used 12752K [0x00000000be000000, 0x00000000bf4c0000, 0x00000000c3200000)
  object space 21248K, 60% used [0x00000000be000000,0x00000000bec741f8,0x00000000bf4c0000)
}
Event: 2.961 GC heap before
{Heap before GC invocations=4 (full 0):
 PSYoungGen      total 18176K, used 18174K [0x00000000ebb60000, 0x00000000edee0000, 0x0000000100000000)
  eden space 15616K, 100% used [0x00000000ebb60000,0x00000000ecaa0000,0x00000000ecaa0000)
  from space 2560K, 99% used [0x00000000ecaa0000,0x00000000ecd1fb58,0x00000000ecd20000)
  to   space 2560K, 0% used [0x00000000edc60000,0x00000000edc60000,0x00000000edee0000)
 ParOldGen       total 41536K, used 775K [0x00000000c3200000, 0x00000000c5a90000, 0x00000000ebb60000)
  object space 41536K, 1% used [0x00000000c3200000,0x00000000c32c1f20,0x00000000c5a90000)
 PSPermGen       total 21248K, used 13003K [0x00000000be000000, 0x00000000bf4c0000, 0x00000000c3200000)
  object space 21248K, 61% used [0x00000000be000000,0x00000000becb2d48,0x00000000bf4c0000)
Event: 2.973 GC heap after
Heap after GC invocations=4 (full 0):
 PSYoungGen      total 33792K, used 2550K [0x00000000ebb60000, 0x00000000edee0000, 0x0000000100000000)
  eden space 31232K, 0% used [0x00000000ebb60000,0x00000000ebb60000,0x00000000ed9e0000)
  from space 2560K, 99% used [0x00000000edc60000,0x00000000ededd868,0x00000000edee0000)
  to   space 2560K, 0% used [0x00000000ed9e0000,0x00000000ed9e0000,0x00000000edc60000)
 ParOldGen       total 41536K, used 1170K [0x00000000c3200000, 0x00000000c5a90000, 0x00000000ebb60000)
  object space 41536K, 2% used [0x00000000c3200000,0x00000000c3324b10,0x00000000c5a90000)
 PSPermGen       total 21248K, used 13003K [0x00000000be000000, 0x00000000bf4c0000, 0x00000000c3200000)
  object space 21248K, 61% used [0x00000000be000000,0x00000000becb2d48,0x00000000bf4c0000)
}
Event: 3.747 GC heap before
{Heap before GC invocations=5 (full 0):
 PSYoungGen      total 33792K, used 33782K [0x00000000ebb60000, 0x00000000edee0000, 0x0000000100000000)
  eden space 31232K, 100% used [0x00000000ebb60000,0x00000000ed9e0000,0x00000000ed9e0000)
  from space 2560K, 99% used [0x00000000edc60000,0x00000000ededd868,0x00000000edee0000)
  to   space 2560K, 0% used [0x00000000ed9e0000,0x00000000ed9e0000,0x00000000edc60000)
 ParOldGen       total 41536K, used 1170K [0x00000000c3200000, 0x00000000c5a90000, 0x00000000ebb60000)
  object space 41536K, 2% used [0x00000000c3200000,0x00000000c3324b10,0x00000000c5a90000)
 PSPermGen       total 21248K, used 13207K [0x00000000be000000, 0x00000000bf4c0000, 0x00000000c3200000)
  object space 21248K, 62% used [0x00000000be000000,0x00000000bece5db0,0x00000000bf4c0000)
Event: 3.774 GC heap after
Heap after GC invocations=5 (full 0):
 PSYoungGen      total 33792K, used 2534K [0x00000000ebb60000, 0x00000000f0020000, 0x0000000100000000)
  eden space 31232K, 0% used [0x00000000ebb60000,0x00000000ebb60000,0x00000000ed9e0000)
  from space 2560K, 98% used [0x00000000ed9e0000,0x00000000edc59878,0x00000000edc60000)
  to   space 3968K, 0% used [0x00000000efc40000,0x00000000efc40000,0x00000000f0020000)
 ParOldGen       total 41536K, used 2358K [0x00000000c3200000, 0x00000000c5a90000, 0x00000000ebb60000)
  object space 41536K, 5% used [0x00000000c3200000,0x00000000c344da30,0x00000000c5a90000)
 PSPermGen       total 21248K, used 13207K [0x00000000be000000, 0x00000000bf4c0000, 0x00000000c3200000)
  object space 21248K, 62% used [0x00000000be000000,0x00000000bece5db0,0x00000000bf4c0000)
}
Event: 4.844 GC heap before
{Heap before GC invocations=6 (full 0):
 PSYoungGen      total 33792K, used 33766K [0x00000000ebb60000, 0x00000000f0020000, 0x0000000100000000)
  eden space 31232K, 100% used [0x00000000ebb60000,0x00000000ed9e0000,0x00000000ed9e0000)
  from space 2560K, 98% used [0x00000000ed9e0000,0x00000000edc59878,0x00000000edc60000)
  to   space 3968K, 0% used [0x00000000efc40000,0x00000000efc40000,0x00000000f0020000)
 ParOldGen       total 41536K, used 2358K [0x00000000c3200000, 0x00000000c5a90000, 0x00000000ebb60000)
  object space 41536K, 5% used [0x00000000c3200000,0x00000000c344da30,0x00000000c5a90000)
 PSPermGen       total 21248K, used 15069K [0x00000000be000000, 0x00000000bf4c0000, 0x00000000c3200000)
  object space 21248K, 70% used [0x00000000be000000,0x00000000beeb7408,0x00000000bf4c0000)
Event: 4.865 GC heap after
Heap after GC invocations=6 (full 0):
 PSYoungGen      total 65536K, used 3963K [0x00000000ebb60000, 0x00000000f01e0000, 0x0000000100000000)
  eden space 61568K, 0% used [0x00000000ebb60000,0x00000000ebb60000,0x00000000ef780000)
  from space 3968K, 99% used [0x00000000efc40000,0x00000000f001ec08,0x00000000f0020000)
  to   space 4864K, 0% used [0x00000000ef780000,0x00000000ef780000,0x00000000efc40000)
 ParOldGen       total 41536K, used 3196K [0x00000000c3200000, 0x00000000c5a90000, 0x00000000ebb60000)
  object space 41536K, 7% used [0x00000000c3200000,0x00000000c351f010,0x00000000c5a90000)
 PSPermGen       total 21248K, used 15069K [0x00000000be000000, 0x00000000bf4c0000, 0x00000000c3200000)
  object space 21248K, 70% used [0x00000000be000000,0x00000000beeb7408,0x00000000bf4c0000)
}
Event: 6.759 GC heap before
{Heap before GC invocations=7 (full 0):
 PSYoungGen      total 65536K, used 65531K [0x00000000ebb60000, 0x00000000f01e0000, 0x0000000100000000)
  eden space 61568K, 100% used [0x00000000ebb60000,0x00000000ef780000,0x00000000ef780000)
  from space 3968K, 99% used [0x00000000efc40000,0x00000000f001ec08,0x00000000f0020000)
  to   space 4864K, 0% used [0x00000000ef780000,0x00000000ef780000,0x00000000efc40000)
 ParOldGen       total 41536K, used 3196K [0x00000000c3200000, 0x00000000c5a90000, 0x00000000ebb60000)
  object space 41536K, 7% used [0x00000000c3200000,0x00000000c351f010,0x00000000c5a90000)
 PSPermGen       total 21248K, used 20646K [0x00000000be000000, 0x00000000bf4c0000, 0x00000000c3200000)
  object space 21248K, 97% used [0x00000000be000000,0x00000000bf4298f0,0x00000000bf4c0000)
Event: 6.786 GC heap after
Heap after GC invocations=7 (full 0):
 PSYoungGen      total 66432K, used 4849K [0x00000000ebb60000, 0x00000000f4240000, 0x0000000100000000)
  eden space 61568K, 0% used [0x00000000ebb60000,0x00000000ebb60000,0x00000000ef780000)
  from space 4864K, 99% used [0x00000000ef780000,0x00000000efc3c700,0x00000000efc40000)
  to   space 7488K, 0% used [0x00000000f3af0000,0x00000000f3af0000,0x00000000f4240000)
 ParOldGen       total 41536K, used 7273K [0x00000000c3200000, 0x00000000c5a90000, 0x00000000ebb60000)
  object space 41536K, 17% used [0x00000000c3200000,0x00000000c391a500,0x00000000c5a90000)
 PSPermGen       total 21248K, used 20646K [0x00000000be000000, 0x00000000bf4c0000, 0x00000000c3200000)
  object space 21248K, 97% used [0x00000000be000000,0x00000000bf4298f0,0x00000000bf4c0000)
}

